<?xml version="1.0" encoding="UTF-8" ?>
<testsuite tests="2" failures="1" name="TestSuite" time="253.829" errors="0" skipped="0">
  <properties>
    <property name="java.vendor" value="Oracle Corporation"/>
    <property name="env.SYSTEMROOT" value="C:\Windows"/>
    <property name="localRepository" value="C:\Users\dell\.m2\mobile\repository"/>
    <property name="sun.java.launcher" value="SUN_STANDARD"/>
    <property name="sun.management.compiler" value="HotSpot 64-Bit Tiered Compilers"/>
    <property name="env.PROMPT" value="$P$G"/>
    <property name="os.name" value="Windows 7"/>
    <property name="env.FP_NO_HOST_CHECK" value="NO"/>
    <property name="sun.boot.class.path" value="C:\Program Files\Java\jdk1.8.0_25\jre\lib\resources.jar;C:\Program Files\Java\jdk1.8.0_25\jre\lib\rt.jar;C:\Program Files\Java\jdk1.8.0_25\jre\lib\sunrsasign.jar;C:\Program Files\Java\jdk1.8.0_25\jre\lib\jsse.jar;C:\Program Files\Java\jdk1.8.0_25\jre\lib\jce.jar;C:\Program Files\Java\jdk1.8.0_25\jre\lib\charsets.jar;C:\Program Files\Java\jdk1.8.0_25\jre\lib\jfr.jar;C:\Program Files\Java\jdk1.8.0_25\jre\classes"/>
    <property name="env.COMPUTERNAME" value="DELL-PC"/>
    <property name="env.ALLUSERSPROFILE" value="C:\ProgramData"/>
    <property name="sun.desktop" value="windows"/>
    <property name="java.vm.specification.vendor" value="Oracle Corporation"/>
    <property name="java.runtime.version" value="1.8.0_25-b18"/>
    <property name="env.HOMEPATH" value="\Users\dell"/>
    <property name="user.name" value="dell"/>
    <property name="maven.build.version" value="Apache Maven 3.1.1 (0728685237757ffbf44136acec0402957f723d9a; 2013-09-17 23:22:22+0800)"/>
    <property name="env.WINDOWS_TRACING_FLAGS" value="3"/>
    <property name="env.PATH" value="D:\软件\adt-bundle-windows-x86_64-20130917\sdk\platform-tools;C:\Program Files (x86)\Common Files\NetSarang;D:\software_installed\apache-maven-3.1.1-bin\apache-maven-3.1.1\bin;C:\Program Files\Java\jdk1.8.0_25\bin;C:\Program Files\Java\jdk1.8.0_25\jre\bin;C:\ProgramData\Oracle\Java\javapath;C:\Windows\system32;C:\Windows;C:\Windows\System32\Wbem;C:\Windows\System32\WindowsPowerShell\v1.0\;C:\Program Files\TortoiseSVN\bin;D:\软件\node.js\;C:\Users\dell\AppData\Roaming\npm"/>
    <property name="user.language" value="zh"/>
    <property name="env.WINDIR" value="C:\Windows"/>
    <property name="sun.boot.library.path" value="C:\Program Files\Java\jdk1.8.0_25\jre\bin"/>
    <property name="classworlds.conf" value="D:\software_installed\apache-maven-3.1.1-bin\apache-maven-3.1.1\bin\..\bin\m2.conf"/>
    <property name="java.version" value="1.8.0_25"/>
    <property name="env.PROCESSOR_IDENTIFIER" value="Intel64 Family 6 Model 60 Stepping 3, GenuineIntel"/>
    <property name="user.timezone" value="Asia/Shanghai"/>
    <property name="env.TEMP" value="C:\Users\dell\AppData\Local\Temp"/>
    <property name="sun.arch.data.model" value="64"/>
    <property name="env.WINDOWS_TRACING_LOGFILE" value="C:\BVTBin\Tests\installpackage\csilogfile.log"/>
    <property name="java.endorsed.dirs" value="C:\Program Files\Java\jdk1.8.0_25\jre\lib\endorsed"/>
    <property name="sun.cpu.isalist" value="amd64"/>
    <property name="env.HOMEDRIVE" value="C:"/>
    <property name="sun.jnu.encoding" value="GBK"/>
    <property name="file.encoding.pkg" value="sun.io"/>
    <property name="env.SYSTEMDRIVE" value="C:"/>
    <property name="file.separator" value="\"/>
    <property name="java.specification.name" value="Java Platform API Specification"/>
    <property name="java.class.version" value="52.0"/>
    <property name="org.slf4j.simpleLogger.defaultLogLevel" value="info"/>
    <property name="user.country" value="CN"/>
    <property name="java.home" value="C:\Program Files\Java\jdk1.8.0_25\jre"/>
    <property name="env.ANDROID_HOME" value="D:\软件\adt-bundle-windows-x86_64-20130917\sdk"/>
    <property name="env.APPDATA" value="C:\Users\dell\AppData\Roaming"/>
    <property name="env.PUBLIC" value="C:\Users\Public"/>
    <property name="java.vm.info" value="mixed mode"/>
    <property name="env.OS" value="Windows_NT"/>
    <property name="os.version" value="6.1"/>
    <property name="env.=::" value="::\"/>
    <property name="path.separator" value=";"/>
    <property name="java.vm.version" value="25.25-b02"/>
    <property name="env.USERPROFILE" value="C:\Users\dell"/>
    <property name="user.variant" value=""/>
    <property name="env.JAVA_HOME" value="C:\Program Files\Java\jdk1.8.0_25"/>
    <property name="java.awt.printerjob" value="sun.awt.windows.WPrinterJob"/>
    <property name="env.TMP" value="C:\Users\dell\AppData\Local\Temp"/>
    <property name="env.PROGRAMFILES" value="C:\Program Files"/>
    <property name="sun.io.unicode.encoding" value="UnicodeLittle"/>
    <property name="awt.toolkit" value="sun.awt.windows.WToolkit"/>
    <property name="sun.stdout.encoding" value="ms936"/>
    <property name="user.script" value=""/>
    <property name="user.home" value="C:\Users\dell"/>
    <property name="env.COMMONPROGRAMFILES" value="C:\Program Files\Common Files"/>
    <property name="env.=EXITCODE" value="00000001"/>
    <property name="env.SESSIONNAME" value="Console"/>
    <property name="java.specification.vendor" value="Oracle Corporation"/>
    <property name="env.M2_HOME" value="D:\software_installed\apache-maven-3.1.1-bin\apache-maven-3.1.1\bin\.."/>
    <property name="env.NUMBER_OF_PROCESSORS" value="4"/>
    <property name="java.library.path" value="C:\Program Files\Java\jdk1.8.0_25\bin;C:\Windows\Sun\Java\bin;C:\Windows\system32;C:\Windows;D:\软件\adt-bundle-windows-x86_64-20130917\sdk\platform-tools;C:\Program Files (x86)\Common Files\NetSarang;D:\software_installed\apache-maven-3.1.1-bin\apache-maven-3.1.1\bin;C:\Program Files\Java\jdk1.8.0_25\bin;C:\Program Files\Java\jdk1.8.0_25\jre\bin;C:\ProgramData\Oracle\Java\javapath;C:\Windows\system32;C:\Windows;C:\Windows\System32\Wbem;C:\Windows\System32\WindowsPowerShell\v1.0\;C:\Program Files\TortoiseSVN\bin;D:\软件\node.js\;C:\Users\dell\AppData\Roaming\npm;."/>
    <property name="java.vendor.url" value="http://java.oracle.com/"/>
    <property name="env.CLASSWORLDS_LAUNCHER" value="org.codehaus.plexus.classworlds.launcher.Launcher"/>
    <property name="env.COMMONPROGRAMFILES(X86)" value="C:\Program Files (x86)\Common Files"/>
    <property name="env.PSMODULEPATH" value="C:\Windows\system32\WindowsPowerShell\v1.0\Modules\"/>
    <property name="env.MAVEN_CMD_LINE_ARGS" value="test"/>
    <property name="java.vm.vendor" value="Oracle Corporation"/>
    <property name="java.runtime.name" value="Java(TM) SE Runtime Environment"/>
    <property name="maven.home" value="D:\software_installed\apache-maven-3.1.1-bin\apache-maven-3.1.1\bin\.."/>
    <property name="java.class.path" value="D:\software_installed\apache-maven-3.1.1-bin\apache-maven-3.1.1\bin\..\boot\plexus-classworlds-2.5.1.jar"/>
    <property name="sun.java.command" value="org.codehaus.plexus.classworlds.launcher.Launcher test"/>
    <property name="env.PROGRAMW6432" value="C:\Program Files"/>
    <property name="maven.version" value="3.1.1"/>
    <property name="env.MAVEN_JAVA_EXE" value="&quot;C:\Program Files\Java\jdk1.8.0_25\bin\java.exe&quot;"/>
    <property name="env.PROGRAMFILES(X86)" value="C:\Program Files (x86)"/>
    <property name="java.vm.specification.name" value="Java Virtual Machine Specification"/>
    <property name="env.LOGONSERVER" value="\\DELL-PC"/>
    <property name="java.vm.specification.version" value="1.8"/>
    <property name="env.PROCESSOR_ARCHITECTURE" value="AMD64"/>
    <property name="env.COMMONPROGRAMW6432" value="C:\Program Files\Common Files"/>
    <property name="sun.os.patch.level" value="Service Pack 1"/>
    <property name="sun.cpu.endian" value="little"/>
    <property name="env.HOME" value="C:\Users\dell"/>
    <property name="surefire.test.class.path" value="D:\移动端测试\myProject\tutorial_android\target\test-classes;D:\移动端测试\myProject\tutorial_android\target\classes;C:\Users\dell\.m2\mobile\repository\com\google\inject\guice\3.0\guice-3.0.jar;C:\Users\dell\.m2\mobile\repository\javax\inject\javax.inject\1\javax.inject-1.jar;C:\Users\dell\.m2\mobile\repository\aopalliance\aopalliance\1.0\aopalliance-1.0.jar;C:\Users\dell\.m2\mobile\repository\net\sourceforge\jexcelapi\jxl\2.6.12\jxl-2.6.12.jar;C:\Users\dell\.m2\mobile\repository\log4j\log4j\1.2.14\log4j-1.2.14.jar;C:\Users\dell\.m2\mobile\repository\io\appium\java-client\2.2.0\java-client-2.2.0.jar;C:\Users\dell\.m2\mobile\repository\org\seleniumhq\selenium\selenium-java\2.43.1\selenium-java-2.43.1.jar;C:\Users\dell\.m2\mobile\repository\org\seleniumhq\selenium\selenium-chrome-driver\2.43.1\selenium-chrome-driver-2.43.1.jar;C:\Users\dell\.m2\mobile\repository\org\seleniumhq\selenium\selenium-remote-driver\2.43.1\selenium-remote-driver-2.43.1.jar;C:\Users\dell\.m2\mobile\repository\cglib\cglib-nodep\2.1_3\cglib-nodep-2.1_3.jar;C:\Users\dell\.m2\mobile\repository\org\json\json\20080701\json-20080701.jar;C:\Users\dell\.m2\mobile\repository\org\seleniumhq\selenium\selenium-api\2.43.1\selenium-api-2.43.1.jar;C:\Users\dell\.m2\mobile\repository\org\seleniumhq\selenium\selenium-htmlunit-driver\2.43.1\selenium-htmlunit-driver-2.43.1.jar;C:\Users\dell\.m2\mobile\repository\net\sourceforge\htmlunit\htmlunit\2.15\htmlunit-2.15.jar;C:\Users\dell\.m2\mobile\repository\xalan\xalan\2.7.1\xalan-2.7.1.jar;C:\Users\dell\.m2\mobile\repository\xalan\serializer\2.7.1\serializer-2.7.1.jar;C:\Users\dell\.m2\mobile\repository\org\apache\commons\commons-lang3\3.3.2\commons-lang3-3.3.2.jar;C:\Users\dell\.m2\mobile\repository\org\apache\httpcomponents\httpmime\4.3.3\httpmime-4.3.3.jar;C:\Users\dell\.m2\mobile\repository\net\sourceforge\htmlunit\htmlunit-core-js\2.15\htmlunit-core-js-2.15.jar;C:\Users\dell\.m2\mobile\repository\xerces\xercesImpl\2.11.0\xercesImpl-2.11.0.jar;C:\Users\dell\.m2\mobile\repository\xml-apis\xml-apis\1.4.01\xml-apis-1.4.01.jar;C:\Users\dell\.m2\mobile\repository\net\sourceforge\nekohtml\nekohtml\1.9.21\nekohtml-1.9.21.jar;C:\Users\dell\.m2\mobile\repository\net\sourceforge\cssparser\cssparser\0.9.14\cssparser-0.9.14.jar;C:\Users\dell\.m2\mobile\repository\org\w3c\css\sac\1.3\sac-1.3.jar;C:\Users\dell\.m2\mobile\repository\org\eclipse\jetty\jetty-websocket\8.1.15.v20140411\jetty-websocket-8.1.15.v20140411.jar;C:\Users\dell\.m2\mobile\repository\org\eclipse\jetty\jetty-util\8.1.15.v20140411\jetty-util-8.1.15.v20140411.jar;C:\Users\dell\.m2\mobile\repository\org\eclipse\jetty\jetty-io\8.1.15.v20140411\jetty-io-8.1.15.v20140411.jar;C:\Users\dell\.m2\mobile\repository\org\eclipse\jetty\jetty-http\8.1.15.v20140411\jetty-http-8.1.15.v20140411.jar;C:\Users\dell\.m2\mobile\repository\org\seleniumhq\selenium\selenium-firefox-driver\2.43.1\selenium-firefox-driver-2.43.1.jar;C:\Users\dell\.m2\mobile\repository\commons-io\commons-io\2.4\commons-io-2.4.jar;C:\Users\dell\.m2\mobile\repository\org\apache\commons\commons-exec\1.1\commons-exec-1.1.jar;C:\Users\dell\.m2\mobile\repository\org\seleniumhq\selenium\selenium-ie-driver\2.43.1\selenium-ie-driver-2.43.1.jar;C:\Users\dell\.m2\mobile\repository\net\java\dev\jna\jna\3.4.0\jna-3.4.0.jar;C:\Users\dell\.m2\mobile\repository\net\java\dev\jna\platform\3.4.0\platform-3.4.0.jar;C:\Users\dell\.m2\mobile\repository\org\seleniumhq\selenium\selenium-safari-driver\2.43.1\selenium-safari-driver-2.43.1.jar;C:\Users\dell\.m2\mobile\repository\org\seleniumhq\selenium\selenium-support\2.43.1\selenium-support-2.43.1.jar;C:\Users\dell\.m2\mobile\repository\org\webbitserver\webbit\0.4.15\webbit-0.4.15.jar;C:\Users\dell\.m2\mobile\repository\io\netty\netty\3.5.5.Final\netty-3.5.5.Final.jar;C:\Users\dell\.m2\mobile\repository\junit\junit\4.11\junit-4.11.jar;C:\Users\dell\.m2\mobile\repository\org\hamcrest\hamcrest-core\1.3\hamcrest-core-1.3.jar;C:\Users\dell\.m2\mobile\repository\org\apache\httpcomponents\httpclient\4.3.3\httpclient-4.3.3.jar;C:\Users\dell\.m2\mobile\repository\org\apache\httpcomponents\httpcore\4.3.2\httpcore-4.3.2.jar;C:\Users\dell\.m2\mobile\repository\commons-logging\commons-logging\1.1.3\commons-logging-1.1.3.jar;C:\Users\dell\.m2\mobile\repository\commons-codec\commons-codec\1.6\commons-codec-1.6.jar;C:\Users\dell\.m2\mobile\repository\com\google\guava\guava\17.0\guava-17.0.jar;C:\Users\dell\.m2\mobile\repository\cglib\cglib\3.1\cglib-3.1.jar;C:\Users\dell\.m2\mobile\repository\org\ow2\asm\asm\4.2\asm-4.2.jar;C:\Users\dell\.m2\mobile\repository\com\googlecode\json-simple\json-simple\1.1\json-simple-1.1.jar;C:\Users\dell\.m2\mobile\repository\commons-lang\commons-lang\2.6\commons-lang-2.6.jar;C:\Users\dell\.m2\mobile\repository\com\google\code\gson\gson\2.2.4\gson-2.2.4.jar;C:\Users\dell\.m2\mobile\repository\org\testng\testng\6.1.1\testng-6.1.1.jar;C:\Users\dell\.m2\mobile\repository\org\beanshell\bsh\2.0b4\bsh-2.0b4.jar;C:\Users\dell\.m2\mobile\repository\com\beust\jcommander\1.12\jcommander-1.12.jar;C:\Users\dell\.m2\mobile\repository\org\yaml\snakeyaml\1.6\snakeyaml-1.6.jar;C:\Users\dell\.m2\mobile\repository\org\slf4j\slf4j-api\1.7.10\slf4j-api-1.7.10.jar;C:\Users\dell\.m2\mobile\repository\org\slf4j\jcl-over-slf4j\1.7.10\jcl-over-slf4j-1.7.10.jar;C:\Users\dell\.m2\mobile\repository\ch\qos\logback\logback-core\1.1.2\logback-core-1.1.2.jar;C:\Users\dell\.m2\mobile\repository\ch\qos\logback\logback-classic\1.1.2\logback-classic-1.1.2.jar;C:\Users\dell\.m2\mobile\repository\commons-net\commons-net\3.3\commons-net-3.3.jar;C:\Users\dell\.m2\mobile\repository\org\apache\velocity\velocity\1.7\velocity-1.7.jar;C:\Users\dell\.m2\mobile\repository\commons-collections\commons-collections\3.2.1\commons-collections-3.2.1.jar;C:\Users\dell\.m2\mobile\repository\org\apache\commons\commons-email\1.3.3\commons-email-1.3.3.jar;C:\Users\dell\.m2\mobile\repository\javax\mail\mail\1.4.5\mail-1.4.5.jar;C:\Users\dell\.m2\mobile\repository\javax\activation\activation\1.1.1\activation-1.1.1.jar;"/>
    <property name="java.io.tmpdir" value="C:\Users\dell\AppData\Local\Temp\"/>
    <property name="env.PROCESSOR_REVISION" value="3c03"/>
    <property name="java.vendor.url.bug" value="http://bugreport.sun.com/bugreport/"/>
    <property name="env.COMSPEC" value="C:\Windows\system32\cmd.exe"/>
    <property name="env.PROGRAMDATA" value="C:\ProgramData"/>
    <property name="java.awt.graphicsenv" value="sun.awt.Win32GraphicsEnvironment"/>
    <property name="os.arch" value="amd64"/>
    <property name="java.ext.dirs" value="C:\Program Files\Java\jdk1.8.0_25\jre\lib\ext;C:\Windows\Sun\Java\lib\ext"/>
    <property name="env.=D:" value="D:\移动端测试\myProject\tutorial_android"/>
    <property name="user.dir" value="D:\移动端测试\myProject\tutorial_android"/>
    <property name="env.LOCALAPPDATA" value="C:\Users\dell\AppData\Local"/>
    <property name="env.MAVEN_HOME" value="D:\software_installed\apache-maven-3.1.1-bin\apache-maven-3.1.1"/>
    <property name="line.separator" value="
"/>
    <property name="java.vm.name" value="Java HotSpot(TM) 64-Bit Server VM"/>
    <property name="env.CLASSWORLDS_JAR" value="&quot;D:\software_installed\apache-maven-3.1.1-bin\apache-maven-3.1.1\bin\..\boot\plexus-classworlds-2.5.1.jar&quot;"/>
    <property name="env.PATHEXT" value=".COM;.EXE;.BAT;.CMD;.VBS;.VBE;.JS;.JSE;.WSF;.WSH;.MSC"/>
    <property name="basedir" value="D:\移动端测试\myProject\tutorial_android"/>
    <property name="env.ERROR_CODE" value="0"/>
    <property name="env.USERNAME" value="dell"/>
    <property name="file.encoding" value="GBK"/>
    <property name="sun.stderr.encoding" value="ms936"/>
    <property name="env.USERDOMAIN" value="dell-PC"/>
    <property name="java.specification.version" value="1.8"/>
    <property name="env.=C:" value="C:\Users\dell"/>
    <property name="env.PROCESSOR_LEVEL" value="6"/>
  </properties>
  <testcase classname="appium.tutorial.android.step.WechatTest" name="testLogin" time="67.74">
    <failure message="
测试登录失败！" type="appium.tutorial.android.util.TestException">appium.tutorial.android.util.TestException: 
测试登录失败！
	at appium.tutorial.android.step.WechatTest.testLogin(WechatTest.java:46)
</failure>
    <system-out>[2015-03-27 15:12:14] [ERROR] [main] [appium.tutorial.android.util.AppiumHelpers:342] -- not found element by xpath:Cancel  in 20 s
[2015-03-27 15:12:34] [ERROR] [main] [appium.tutorial.android.util.AppiumHelpers:342] -- not found element by xpath:取消  in 20 s
[2015-03-27 15:12:34] [INFO ] [main] [appium.tutorial.android.act.WechatAct:29] -- 选择语言
[2015-03-27 15:13:01] [INFO ] [main] [appium.tutorial.android.util.AppiumHelpers:319] -- 开始截图，名称appium.tutorial.android.step.WechatTest.jpg
</system-out>
  </testcase>
  <testcase classname="appium.tutorial.android.step.WechatTest" name="testLogin" time="109.552"/>
</testsuite>